# JRE version: OpenJDK Runtime Environment Zulu21.36+17-CA (21.0.4+7) (build 21.0.4+7-LTS)
# Java VM: OpenJDK 64-Bit Server VM Zulu21.36+17-CA (21.0.4+7-LTS, mixed mode, emulated-client, sharing, tiered, compressed oops, compressed class ptrs, g1 gc, bsd-aarch64)
GC Precious Log:
 CardTable entry size: 512
 Card Set container configuration: InlinePtr #cards 4 size 8 Array Of Cards #cards 16 size 48 Howl #buckets 8 coarsen threshold 3686 Howl Bitmap #cards 512 size 80 coarsen threshold 460 Card regions per heap region 1 cards per card region 4096
 CPUs: 10 total, 10 available
 Memory: 16384M
 Large Page Support: Disabled
 NUMA Support: Disabled
 Compressed Oops: Enabled (Zero based)
 Heap Region Size: 2M
 Heap Min Capacity: 8M
 Heap Initial Capacity: 256M
 Heap Max Capacity: 4G
 Pre-touch: Disabled
 Parallel Workers: 9
 Concurrent Workers: 2
 Concurrent Refinement Workers: 9
 Periodic GC: Disabled
Heap:
 garbage-first heap   total 75776K, used 19322K [0x0000000700000000, 0x0000000800000000)
  region size 2048K, 5 young (10240K), 4 survivors (8192K)
 Metaspace       used 35597K, committed 36032K, reserved 1114112K
  class space    used 4487K, committed 4672K, reserved 1048576K
GC Heap History (18 events):
Event: 0.326 GC heap before
{Heap before GC invocations=0 (full 0):
 garbage-first heap   total 264192K, used 23573K [0x0000000700000000, 0x0000000800000000)
  region size 2048K, 11 young (22528K), 0 survivors (0K)
 Metaspace       used 6713K, committed 6976K, reserved 1114112K
  class space    used 754K, committed 896K, reserved 1048576K
}
Event: 0.328 GC heap after
{Heap after GC invocations=1 (full 0):
 garbage-first heap   total 264192K, used 7542K [0x0000000700000000, 0x0000000800000000)
  region size 2048K, 2 young (4096K), 2 survivors (4096K)
 Metaspace       used 6713K, committed 6976K, reserved 1114112K
  class space    used 754K, committed 896K, reserved 1048576K
}
Event: 0.501 GC heap before
{Heap before GC invocations=1 (full 0):
 garbage-first heap   total 264192K, used 34166K [0x0000000700000000, 0x0000000800000000)
  region size 2048K, 16 young (32768K), 2 survivors (4096K)
 Metaspace       used 10287K, committed 10496K, reserved 1114112K
  class space    used 1185K, committed 1280K, reserved 1048576K
}
Event: 0.503 GC heap after
{Heap after GC invocations=2 (full 0):
 garbage-first heap   total 264192K, used 9102K [0x0000000700000000, 0x0000000800000000)
  region size 2048K, 1 young (2048K), 1 survivors (2048K)
 Metaspace       used 10287K, committed 10496K, reserved 1114112K
  class space    used 1185K, committed 1280K, reserved 1048576K
}
Event: 0.739 GC heap before
{Heap before GC invocations=2 (full 0):
 garbage-first heap   total 264192K, used 103310K [0x0000000700000000, 0x0000000800000000)
  region size 2048K, 48 young (98304K), 1 survivors (2048K)
 Metaspace       used 19983K, committed 20288K, reserved 1114112K
  class space    used 2500K, committed 2624K, reserved 1048576K
}
Event: 0.741 GC heap after
{Heap after GC invocations=3 (full 0):
 garbage-first heap   total 264192K, used 11549K [0x0000000700000000, 0x0000000800000000)
  region size 2048K, 2 young (4096K), 2 survivors (4096K)
 Metaspace       used 19983K, committed 20288K, reserved 1114112K
  class space    used 2500K, committed 2624K, reserved 1048576K
}
Event: 0.785 GC heap before
{Heap before GC invocations=3 (full 0):
 garbage-first heap   total 264192K, used 25885K [0x0000000700000000, 0x0000000800000000)
  region size 2048K, 10 young (20480K), 2 survivors (4096K)
 Metaspace       used 21137K, committed 21504K, reserved 1114112K
  class space    used 2664K, committed 2816K, reserved 1048576K
}
Event: 0.787 GC heap after
{Heap after GC invocations=4 (full 0):
 garbage-first heap   total 264192K, used 12293K [0x0000000700000000, 0x0000000800000000)
  region size 2048K, 3 young (6144K), 3 survivors (6144K)
 Metaspace       used 21137K, committed 21504K, reserved 1114112K
  class space    used 2664K, committed 2816K, reserved 1048576K
}
Event: 0.985 GC heap before
{Heap before GC invocations=5 (full 0):
 garbage-first heap   total 55296K, used 51205K [0x0000000700000000, 0x0000000800000000)
  region size 2048K, 22 young (45056K), 3 survivors (6144K)
 Metaspace       used 22399K, committed 22720K, reserved 1114112K
  class space    used 2853K, committed 3008K, reserved 1048576K
}
Event: 0.988 GC heap after
{Heap after GC invocations=6 (full 0):
 garbage-first heap   total 63488K, used 14195K [0x0000000700000000, 0x0000000800000000)
  region size 2048K, 4 young (8192K), 4 survivors (8192K)
 Metaspace       used 22399K, committed 22720K, reserved 1114112K
  class space    used 2853K, committed 3008K, reserved 1048576K
}
Event: 1.085 GC heap before
{Heap before GC invocations=6 (full 0):
 garbage-first heap   total 63488K, used 42867K [0x0000000700000000, 0x0000000800000000)
  region size 2048K, 18 young (36864K), 4 survivors (8192K)
 Metaspace       used 24164K, committed 24512K, reserved 1114112K
  class space    used 3093K, committed 3264K, reserved 1048576K
}
Event: 1.088 GC heap after
{Heap after GC invocations=7 (full 0):
 garbage-first heap   total 63488K, used 14609K [0x0000000700000000, 0x0000000800000000)
  region size 2048K, 2 young (4096K), 2 survivors (4096K)
 Metaspace       used 24164K, committed 24512K, reserved 1114112K
  class space    used 3093K, committed 3264K, reserved 1048576K
}
Event: 1.228 GC heap before
{Heap before GC invocations=7 (full 0):
 garbage-first heap   total 63488K, used 47377K [0x0000000700000000, 0x0000000800000000)
  region size 2048K, 18 young (36864K), 2 survivors (4096K)
 Metaspace       used 26923K, committed 27328K, reserved 1114112K
  class space    used 3471K, committed 3648K, reserved 1048576K
}
Event: 1.231 GC heap after
{Heap after GC invocations=8 (full 0):
 garbage-first heap   total 63488K, used 15538K [0x0000000700000000, 0x0000000800000000)
  region size 2048K, 3 young (6144K), 3 survivors (6144K)
 Metaspace       used 26923K, committed 27328K, reserved 1114112K
  class space    used 3471K, committed 3648K, reserved 1048576K
}
Event: 1.359 GC heap before
{Heap before GC invocations=8 (full 0):
 garbage-first heap   total 63488K, used 46258K [0x0000000700000000, 0x0000000800000000)
  region size 2048K, 18 young (36864K), 3 survivors (6144K)
 Metaspace       used 29822K, committed 30208K, reserved 1114112K
  class space    used 3874K, committed 4032K, reserved 1048576K
}
Event: 1.363 GC heap after
{Heap after GC invocations=9 (full 0):
 garbage-first heap   total 163840K, used 17027K [0x0000000700000000, 0x0000000800000000)
  region size 2048K, 2 young (4096K), 2 survivors (4096K)
 Metaspace       used 29822K, committed 30208K, reserved 1114112K
  class space    used 3874K, committed 4032K, reserved 1048576K
}
Event: 2.609 GC heap before
{Heap before GC invocations=9 (full 0):
 garbage-first heap   total 163840K, used 78467K [0x0000000700000000, 0x0000000800000000)
  region size 2048K, 34 young (69632K), 2 survivors (4096K)
 Metaspace       used 35582K, committed 35968K, reserved 1114112K
  class space    used 4484K, committed 4672K, reserved 1048576K
}
Event: 2.611 GC heap after
{Heap after GC invocations=10 (full 0):
 garbage-first heap   total 163840K, used 19322K [0x0000000700000000, 0x0000000800000000)
  region size 2048K, 4 young (8192K), 4 survivors (8192K)
 Metaspace       used 35582K, committed 35968K, reserved 1114112K
  class space    used 4484K, committed 4672K, reserved 1048576K
}

